============================= test session starts ==============================
platform linux -- Python 3.12.3, pytest-9.1.1, pluggy-1.6.0
rootdir: /home/mrudula/Downloads/DL_cyberbio/materials-adversarial
configfile: pyproject.toml
plugins: cov-7.1.0
collected 430 items

tests/test_attack_search.py ........                                     [  1%]
tests/test_attacks.py .................................................. [ 13%]
.........                                                                [ 15%]
tests/test_audit_script.py ....................                          [ 20%]
tests/test_closed_loop.py ........                                       [ 22%]
tests/test_cluster_handoff.py ...                                        [ 22%]
tests/test_dynamic_padding.py ...                                        [ 23%]
tests/test_end_to_end_abstraction.py .                                   [ 23%]
tests/test_experiment_pipeline.py ....                                   [ 24%]
tests/test_framework.py ..                                               [ 25%]
tests/test_framework_abstraction.py ..                                   [ 25%]
tests/test_framework_generalization.py .                                 [ 25%]
tests/test_framework_v2_audit.py ........................                [ 31%]
tests/test_framework_v2_verified.py .................................... [ 39%]
........                                                                 [ 41%]
tests/test_hpc_oracle.py .                                               [ 41%]
tests/test_hpc_oracle_integration.py .........                           [ 43%]
tests/test_paired_robustness.py ......                                   [ 45%]
tests/test_phase10.py .........                                          [ 47%]
tests/test_phase11_graph_conversion.py ...                               [ 48%]
tests/test_phase12_adversarial.py ..                                     [ 48%]
tests/test_phase12b_audit.py ...                                         [ 49%]
tests/test_phase13_oracle_design.py .                                    [ 49%]
tests/test_phase13a_provenance.py ...                                    [ 50%]
tests/test_phase14_oracle_feasibility.py .....                           [ 51%]
tests/test_phase1e.py ...                                                [ 52%]
tests/test_phase2_paired_benchmark.py ..                                 [ 52%]
tests/test_phase3_evaluation.py .......                                  [ 54%]
tests/test_phase3_mcmc.py .....                                          [ 55%]
tests/test_phase4.py ..                                                  [ 55%]
tests/test_phase5.py ..                                                  [ 56%]
tests/test_phase7.py ...                                                 [ 56%]
tests/test_phase8.py ...                                                 [ 57%]
tests/test_phase9.py ........................                            [ 63%]
tests/test_polymer_repeat.py .....                                       [ 64%]
tests/test_records_and_metrics.py .....................                  [ 69%]
tests/test_representation_attribution.py .......                         [ 70%]
tests/test_scaffold_integrity.py ....................................... [ 80%]
.....                                                                    [ 81%]
tests/test_scaler.py ....                                                [ 82%]
tests/test_specialized_model.py ........                                 [ 83%]
tests/test_substitution_roles.py ...                                     [ 84%]
tests/test_surrogate_geometry.py ...                                     [ 85%]
tests/test_surrogate_parser.py ......                                    [ 86%]
tests/test_surrogate_qc_pilot.py ....                                    [ 87%]
tests/test_tokenizer.py ..................................               [ 95%]
tests/test_validation.py ...s...............                             [100%]

=============================== warnings summary ===============================
tests/test_dynamic_padding.py::test_trimmed_and_fixed_width_predictions_are_numerically_equivalent
  /home/mrudula/Downloads/DL_cyberbio/materials-adversarial/.venv/lib/python3.12/site-packages/torch/nn/modules/transformer.py:529: UserWarning: The PyTorch API of nested tensors is in prototype stage and will change in the near future. We recommend specifying layout=torch.jagged when constructing a nested tensor, as this layout receives active development, has better operator coverage, and works with torch.compile. (Triggered internally at /__w/pytorch/pytorch/aten/src/ATen/NestedTensorImpl.cpp:177.)
    output = torch._nested_tensor_from_mask(

-- Docs: https://docs.pytest.org/en/stable/how-to/capture-warnings.html
================== 429 passed, 1 skipped, 1 warning in 20.28s ==================
