============================= test session starts ==============================
platform linux -- Python 3.12.3, pytest-9.1.1, pluggy-1.6.0
rootdir: /home/mrudula/Downloads/DL_cyberbio/materials-adversarial
configfile: pyproject.toml
plugins: cov-7.1.0
collected 375 items / 7 errors

==================================== ERRORS ====================================
__________________ ERROR collecting tests/test_hpc_oracle.py ___________________
ImportError while importing test module '/home/mrudula/Downloads/DL_cyberbio/materials-adversarial/tests/test_hpc_oracle.py'.
Hint: make sure your test modules/packages have valid Python names.
Traceback:
/usr/lib/python3.12/importlib/__init__.py:90: in import_module
    return _bootstrap._gcd_import(name[level:], package, level)
           ^^^^^^^^^^^^^^^^^^^^^^^^^^^^^^^^^^^^^^^^^^^^^^^^^^^^
materials-adversarial/tests/test_hpc_oracle.py:3: in <module>
    from hpc_oracle.analysis.adversarial_error import compute_adversarial_error
E   ModuleNotFoundError: No module named 'hpc_oracle'
____________ ERROR collecting tests/test_hpc_oracle_integration.py _____________
ImportError while importing test module '/home/mrudula/Downloads/DL_cyberbio/materials-adversarial/tests/test_hpc_oracle_integration.py'.
Hint: make sure your test modules/packages have valid Python names.
Traceback:
/usr/lib/python3.12/importlib/__init__.py:90: in import_module
    return _bootstrap._gcd_import(name[level:], package, level)
           ^^^^^^^^^^^^^^^^^^^^^^^^^^^^^^^^^^^^^^^^^^^^^^^^^^^^
materials-adversarial/tests/test_hpc_oracle_integration.py:5: in <module>
    from hpc_oracle.backend import QuantumEspressoBackend, VASPBackend, EnvironmentStatus, ParsedOutput
E   ModuleNotFoundError: No module named 'hpc_oracle'
_______________ ERROR collecting tests/test_phase3_evaluation.py _______________
ImportError while importing test module '/home/mrudula/Downloads/DL_cyberbio/materials-adversarial/tests/test_phase3_evaluation.py'.
Hint: make sure your test modules/packages have valid Python names.
Traceback:
/usr/lib/python3.12/importlib/__init__.py:90: in import_module
    return _bootstrap._gcd_import(name[level:], package, level)
           ^^^^^^^^^^^^^^^^^^^^^^^^^^^^^^^^^^^^^^^^^^^^^^^^^^^^
materials-adversarial/tests/test_phase3_evaluation.py:17: in <module>
    from scripts.generate_phase3_banks import get_canonical, regenerate_phase2_training_candidates
E   ModuleNotFoundError: No module named 'scripts'
____________________ ERROR collecting tests/test_phase7.py _____________________
ImportError while importing test module '/home/mrudula/Downloads/DL_cyberbio/materials-adversarial/tests/test_phase7.py'.
Hint: make sure your test modules/packages have valid Python names.
Traceback:
/usr/lib/python3.12/importlib/__init__.py:90: in import_module
    return _bootstrap._gcd_import(name[level:], package, level)
           ^^^^^^^^^^^^^^^^^^^^^^^^^^^^^^^^^^^^^^^^^^^^^^^^^^^^
materials-adversarial/tests/test_phase7.py:6: in <module>
    from src.materials_adv.attacks.search.strategies import (
E   ModuleNotFoundError: No module named 'src'
____________________ ERROR collecting tests/test_phase8.py _____________________
ImportError while importing test module '/home/mrudula/Downloads/DL_cyberbio/materials-adversarial/tests/test_phase8.py'.
Hint: make sure your test modules/packages have valid Python names.
Traceback:
/usr/lib/python3.12/importlib/__init__.py:90: in import_module
    return _bootstrap._gcd_import(name[level:], package, level)
           ^^^^^^^^^^^^^^^^^^^^^^^^^^^^^^^^^^^^^^^^^^^^^^^^^^^^
materials-adversarial/tests/test_phase8.py:3: in <module>
    from src.materials_adv.attacks.substitution import SubstitutionAttack
E   ModuleNotFoundError: No module named 'src'
____________________ ERROR collecting tests/test_phase9.py _____________________
ImportError while importing test module '/home/mrudula/Downloads/DL_cyberbio/materials-adversarial/tests/test_phase9.py'.
Hint: make sure your test modules/packages have valid Python names.
Traceback:
/usr/lib/python3.12/importlib/__init__.py:90: in import_module
    return _bootstrap._gcd_import(name[level:], package, level)
           ^^^^^^^^^^^^^^^^^^^^^^^^^^^^^^^^^^^^^^^^^^^^^^^^^^^^
materials-adversarial/tests/test_phase9.py:14: in <module>
    from scripts.run_phase9_repr_closed_loop import (
E   ModuleNotFoundError: No module named 'scripts'
_______________ ERROR collecting tests/test_specialized_model.py _______________
ImportError while importing test module '/home/mrudula/Downloads/DL_cyberbio/materials-adversarial/tests/test_specialized_model.py'.
Hint: make sure your test modules/packages have valid Python names.
Traceback:
/usr/lib/python3.12/importlib/__init__.py:90: in import_module
    return _bootstrap._gcd_import(name[level:], package, level)
           ^^^^^^^^^^^^^^^^^^^^^^^^^^^^^^^^^^^^^^^^^^^^^^^^^^^^
materials-adversarial/tests/test_specialized_model.py:17: in <module>
    from scripts.train_specialized_model import compute_auxiliary_losses, generate_training_pairs
E   ModuleNotFoundError: No module named 'scripts'
=========================== short test summary info ============================
ERROR materials-adversarial/tests/test_hpc_oracle.py
ERROR materials-adversarial/tests/test_hpc_oracle_integration.py
ERROR materials-adversarial/tests/test_phase3_evaluation.py
ERROR materials-adversarial/tests/test_phase7.py
ERROR materials-adversarial/tests/test_phase8.py
ERROR materials-adversarial/tests/test_phase9.py
ERROR materials-adversarial/tests/test_specialized_model.py
!!!!!!!!!!!!!!!!!!! Interrupted: 7 errors during collection !!!!!!!!!!!!!!!!!!!!
============================== 7 errors in 2.40s ===============================
